<?xml version='1.0' encoding='UTF-8'?>
<testsuites>
  <testsuite name="set-selector_custom-card-crud" tests="1" failures="0" time="185.448" timestamp="2026-09-09T14:28:28">
    <testcase id="Custom card lifecycle — add a card by hand, rename it, delete it" name="Custom card lifecycle — add a card by hand, rename it, delete it" classname="Custom card lifecycle — add a card by hand, rename it, delete it" file=".maestro/flows/set-selector/custom-card-crud.yaml" time="185.373" timestamp="2026-09-09T14:28:28" status="SUCCESS">
      <properties>
        <property name="tags" value="set-selector"/>
      </properties>
    </testcase>
  </testsuite>
</testsuites>
