<?xml version='1.0' encoding='UTF-8'?>
<testsuites>
  <testsuite name="spine-label_player-team-colors-default-to-longest-tenure" tests="1" failures="0" time="169.352" timestamp="2026-09-09T14:47:41">
    <testcase id="Spine Labels — a player's colours default to their longest-tenure team" name="Spine Labels — a player's colours default to their longest-tenure team" classname="Spine Labels — a player's colours default to their longest-tenure team" file=".maestro/flows/spine-label/player-team-colors-default-to-longest-tenure.yaml" time="169.297" timestamp="2026-09-09T14:47:41" status="SUCCESS">
      <properties>
        <property name="tags" value="spine-label"/>
      </properties>
    </testcase>
  </testsuite>
</testsuites>
