<?xml version='1.0' encoding='UTF-8'?>
<testsuites>
  <testsuite name="dashboard_view-collection" tests="1" failures="0" time="5.219" timestamp="2026-09-09T14:50:21">
    <testcase id="View Collection (Dashboard)" name="View Collection (Dashboard)" classname="View Collection (Dashboard)" file=".maestro/flows/dashboard/view-collection.yaml" time="5.209" timestamp="2026-09-09T14:50:21" status="SUCCESS">
      <properties>
        <property name="tags" value="smoke, dashboard"/>
      </properties>
    </testcase>
  </testsuite>
</testsuites>
