<?xml version='1.0' encoding='UTF-8'?>
<testsuites>
  <testsuite name="profile_test-credentials" tests="1" failures="0" time="16.875" timestamp="2026-09-09T14:49:37">
    <testcase id="Test BSC and SportLots Credentials" name="Test BSC and SportLots Credentials" classname="Test BSC and SportLots Credentials" file=".maestro/flows/profile/test-credentials.yaml" time="16.848" timestamp="2026-09-09T14:49:37" status="SUCCESS">
      <properties>
        <property name="tags" value="credentials, profile"/>
      </properties>
    </testcase>
  </testsuite>
</testsuites>
