<?xml version='1.0' encoding='UTF-8'?>
<testsuites>
  <testsuite name="set-selector_checklist-attention-walker-missing-team" tests="1" failures="0" time="328.071" timestamp="2026-09-09T14:35:33">
    <testcase id="Attention walker — answering a card's missing team, one card at a time" name="Attention walker — answering a card's missing team, one card at a time" classname="Attention walker — answering a card's missing team, one card at a time" file=".maestro/flows/set-selector/checklist-attention-walker-missing-team.yaml" time="327.923" timestamp="2026-09-09T14:35:33" status="SUCCESS">
      <properties>
        <property name="tags" value="set-selector"/>
      </properties>
    </testcase>
  </testsuite>
</testsuites>
