<?xml version='1.0' encoding='UTF-8'?>
<testsuites>
  <testsuite name="home_landing-marketing" tests="1" failures="0" time="17.819" timestamp="2026-09-10T03:03:14">
    <testcase id="Landing Page Marketing Content" name="Landing Page Marketing Content" classname="Landing Page Marketing Content" file=".maestro/flows/home/landing-marketing.yaml" time="17.803" timestamp="2026-09-10T03:03:14" status="SUCCESS">
      <properties>
        <property name="tags" value="marketing, home"/>
      </properties>
    </testcase>
  </testsuite>
</testsuites>
