<?xml version='1.0' encoding='UTF-8'?>
<testsuites>
  <testsuite name="profile_test-credentials" tests="1" failures="0" time="15.624" timestamp="2026-09-10T03:02:54">
    <testcase id="Test BSC and SportLots Credentials" name="Test BSC and SportLots Credentials" classname="Test BSC and SportLots Credentials" file=".maestro/flows/profile/test-credentials.yaml" time="15.593" timestamp="2026-09-10T03:02:54" status="SUCCESS">
      <properties>
        <property name="tags" value="credentials, profile"/>
      </properties>
    </testcase>
  </testsuite>
</testsuites>
