<?xml version='1.0' encoding='UTF-8'?>
<testsuites>
  <testsuite name="profile_api-keys-create-copy-and-revoke" tests="1" failures="0" time="42.002" timestamp="2026-09-10T02:48:42">
    <testcase id="API Keys — create a key, copy the secret once, then revoke it" name="API Keys — create a key, copy the secret once, then revoke it" classname="API Keys — create a key, copy the secret once, then revoke it" file=".maestro/flows/profile/api-keys-create-copy-and-revoke.yaml" time="41.947" timestamp="2026-09-10T02:48:42" status="SUCCESS">
      <properties>
        <property name="tags" value="smoke, api-keys"/>
      </properties>
    </testcase>
  </testsuite>
</testsuites>
