<?xml version='1.0' encoding='UTF-8'?>
<testsuites>
  <testsuite name="set-selector_checklist-attention-badge-and-filter" tests="1" failures="0" time="221.836" timestamp="2026-09-10T02:49:29">
    <testcase id="Checklist attention — a card with no team is badged, counted, and filterable" name="Checklist attention — a card with no team is badged, counted, and filterable" classname="Checklist attention — a card with no team is badged, counted, and filterable" file=".maestro/flows/set-selector/checklist-attention-badge-and-filter.yaml" time="221.734" timestamp="2026-09-10T02:49:29" status="SUCCESS">
      <properties>
        <property name="tags" value="set-selector"/>
      </properties>
    </testcase>
  </testsuite>
</testsuites>
