<?xml version='1.0' encoding='UTF-8'?>
<testsuites>
  <testsuite name="home_ai-identification" tests="1" failures="0" time="41.377" timestamp="2026-09-10T03:02:31">
    <testcase id="AI Card Identification Feature Page" name="AI Card Identification Feature Page" classname="AI Card Identification Feature Page" file=".maestro/flows/home/ai-identification.yaml" time="41.359" timestamp="2026-09-10T03:02:31" status="SUCCESS">
      <properties>
        <property name="tags" value="marketing, home"/>
      </properties>
    </testcase>
  </testsuite>
</testsuites>
