<?xml version='1.0' encoding='UTF-8'?>
<testsuites>
  <testsuite name="set-selector_card-detail-panel" tests="1" failures="0" time="204.036" timestamp="2026-09-10T02:42:11">
    <testcase id="Card detail drawer — every field autosaves as you leave it (no Save button)" name="Card detail drawer — every field autosaves as you leave it (no Save button)" classname="Card detail drawer — every field autosaves as you leave it (no Save button)" file=".maestro/flows/set-selector/card-detail-panel.yaml" time="203.958" timestamp="2026-09-10T02:42:11" status="SUCCESS">
      <properties>
        <property name="tags" value="set-selector"/>
      </properties>
    </testcase>
  </testsuite>
</testsuites>
