<?xml version='1.0' encoding='UTF-8'?>
<testsuites>
  <testsuite name="set-selector_topps-chrome-add-feature" tests="1" failures="0" time="88.471" timestamp="2026-09-10T02:45:41">
    <testcase id="Topps Chrome — toggle the Reprint checkbox feature via SetAttributesPanel and verify save toast + re-hydration across reload (sole-writer)" name="Topps Chrome — toggle the Reprint checkbox feature via SetAttributesPanel and verify save toast + re-hydration across reload (sole-writer)" classname="Topps Chrome — toggle the Reprint checkbox feature via SetAttributesPanel and verify save toast + re-hydration across reload (sole-writer)" file=".maestro/flows/set-selector/topps-chrome-add-feature.yaml" time="88.388" timestamp="2026-09-10T02:45:41" status="SUCCESS">
      <properties>
        <property name="tags" value="set-selector"/>
      </properties>
    </testcase>
  </testsuite>
</testsuites>
