<?xml version='1.0' encoding='UTF-8'?>
<testsuites>
  <testsuite name="set-selector_card-features-editor-toggle" tests="1" failures="0" time="153.199" timestamp="2026-09-10T02:49:25">
    <testcase id="Regression — Show/Hide features editor toggle expands then collapses the CardFeaturesEditor, then the card deletes cleanly" name="Regression — Show/Hide features editor toggle expands then collapses the CardFeaturesEditor, then the card deletes cleanly" classname="Regression — Show/Hide features editor toggle expands then collapses the CardFeaturesEditor, then the card deletes cleanly" file=".maestro/flows/set-selector/card-features-editor-toggle.yaml" time="153.089" timestamp="2026-09-10T02:49:25" status="SUCCESS">
      <properties>
        <property name="tags" value="set-selector"/>
      </properties>
    </testcase>
  </testsuite>
</testsuites>
