<?xml version='1.0' encoding='UTF-8'?>
<testsuites>
  <testsuite name="spine-label_design-and-queue-a-spine-label" tests="1" failures="1" time="35.563" timestamp="2026-09-10T03:00:35">
    <testcase id="Spine Labels — design a label and queue it on the sheet" name="Spine Labels — design a label and queue it on the sheet" classname="Spine Labels — design a label and queue it on the sheet" file=".maestro/flows/spine-label/design-and-queue-a-spine-label.yaml" time="35.544" timestamp="2026-09-10T03:00:35" status="ERROR">
      <properties>
        <property name="tags" value="smoke, spine-label"/>
      </properties>
      <failure>No visible element found: id: Remove Ken Griffey Jr., 3 inch spine in Graduate, from the sheet</failure>
    </testcase>
  </testsuite>
</testsuites>
