<?xml version='1.0' encoding='UTF-8'?>
<testsuites>
  <testsuite name="profile_credentials-lifecycle" tests="1" failures="0" time="140.982" timestamp="2026-09-10T02:41:52">
    <testcase id="Credentials lifecycle — connect, rejected sign-in, recover, clear (BSC + SportLots)" name="Credentials lifecycle — connect, rejected sign-in, recover, clear (BSC + SportLots)" classname="Credentials lifecycle — connect, rejected sign-in, recover, clear (BSC + SportLots)" file=".maestro/flows/profile/credentials-lifecycle.yaml" time="140.921" timestamp="2026-09-10T02:41:52" status="SUCCESS">
      <properties>
        <property name="tags" value="credentials, profile"/>
      </properties>
    </testcase>
  </testsuite>
</testsuites>
