<?xml version='1.0' encoding='UTF-8'?>
<testsuites>
  <testsuite name="set-selector_player-picker-create-custom-card" tests="1" failures="1" time="165.3" timestamp="2026-09-10T02:57:31">
    <testcase id="Player picker — create a brand-new player and attach it to a CUSTOM card (the gap this closes); it persists across reopen" name="Player picker — create a brand-new player and attach it to a CUSTOM card (the gap this closes); it persists across reopen" classname="Player picker — create a brand-new player and attach it to a CUSTOM card (the gap this closes); it persists across reopen" file=".maestro/flows/set-selector/player-picker-create-custom-card.yaml" time="165.174" timestamp="2026-09-10T02:57:32" status="ERROR">
      <properties>
        <property name="tags" value="set-selector"/>
      </properties>
      <failure>No visible element found: id: Edit card 777-r1-a1-30623</failure>
    </testcase>
  </testsuite>
</testsuites>
