<?xml version='1.0' encoding='UTF-8'?>
<testsuites>
  <testsuite name="set-selector_checklist-wizard-back-to-matching-resumes-decisions" tests="1" failures="0" time="202.244" timestamp="2026-09-10T02:51:35">
    <testcase id="Entity review — Back to matching leaves the wizard without discarding, and re-confirming comes back to the same review with the decision still on it" name="Entity review — Back to matching leaves the wizard without discarding, and re-confirming comes back to the same review with the decision still on it" classname="Entity review — Back to matching leaves the wizard without discarding, and re-confirming comes back to the same review with the decision still on it" file=".maestro/flows/set-selector/checklist-wizard-back-to-matching-resumes-decisions.yaml" time="202.176" timestamp="2026-09-10T02:51:35" status="SUCCESS">
      <properties>
        <property name="tags" value="set-selector"/>
      </properties>
    </testcase>
  </testsuite>
</testsuites>
