<?xml version='1.0' encoding='UTF-8'?>
<testsuites>
  <testsuite name="admin_team-management-filter" tests="1" failures="0" time="8.051" timestamp="2026-09-10T02:47:38">
    <testcase id="Team Management — filtering to a name nothing matches reports no matches" name="Team Management — filtering to a name nothing matches reports no matches" classname="Team Management — filtering to a name nothing matches reports no matches" file=".maestro/flows/admin/team-management-filter.yaml" time="8.027" timestamp="2026-09-10T02:47:38" status="SUCCESS">
      <properties>
        <property name="tags" value="smoke, admin"/>
      </properties>
    </testcase>
  </testsuite>
</testsuites>
