<?xml version='1.0' encoding='UTF-8'?>
<testsuites>
  <testsuite name="set-selector_new-chain-autopopulates-features" tests="1" failures="0" time="118.999" timestamp="2026-09-10T02:57:32">
    <testcase id="Write-once feature snapshots — a freshly-built set chain auto-populates its SetAttributesPanel feature values with NO card-checklist step" name="Write-once feature snapshots — a freshly-built set chain auto-populates its SetAttributesPanel feature values with NO card-checklist step" classname="Write-once feature snapshots — a freshly-built set chain auto-populates its SetAttributesPanel feature values with NO card-checklist step" file=".maestro/flows/set-selector/new-chain-autopopulates-features.yaml" time="118.917" timestamp="2026-09-10T02:57:32" status="SUCCESS">
      <properties>
        <property name="tags" value="set-selector"/>
      </properties>
    </testcase>
  </testsuite>
</testsuites>
