<?xml version='1.0' encoding='UTF-8'?>
<testsuites>
  <testsuite name="set-selector_parallel-grouping-cancel-discards" tests="1" failures="0" time="189.222" timestamp="2026-09-10T02:42:15">
    <testcase id="Parallel Grouping — Cancel discards changes (reopen shows original); also closes via backdrop" name="Parallel Grouping — Cancel discards changes (reopen shows original); also closes via backdrop" classname="Parallel Grouping — Cancel discards changes (reopen shows original); also closes via backdrop" file=".maestro/flows/set-selector/parallel-grouping-cancel-discards.yaml" time="189.134" timestamp="2026-09-10T02:42:16" status="SUCCESS">
      <properties>
        <property name="tags" value="parallel-grouping"/>
      </properties>
    </testcase>
  </testsuite>
</testsuites>
