<?xml version='1.0' encoding='UTF-8'?>
<testsuites>
  <testsuite name="set-selector_rename-selector-option" tests="1" failures="0" time="136.732" timestamp="2026-09-10T02:59:36">
    <testcase id="Selector rename — a set AND a variant type can each be renamed from the attributes panel, and the selection follows the new name (per-worker hand-made set)" name="Selector rename — a set AND a variant type can each be renamed from the attributes panel, and the selection follows the new name (per-worker hand-made set)" classname="Selector rename — a set AND a variant type can each be renamed from the attributes panel, and the selection follows the new name (per-worker hand-made set)" file=".maestro/flows/set-selector/rename-selector-option.yaml" time="136.64" timestamp="2026-09-10T02:59:36" status="SUCCESS">
      <properties>
        <property name="tags" value="set-selector"/>
      </properties>
    </testcase>
  </testsuite>
</testsuites>
