<?xml version='1.0' encoding='UTF-8'?>
<testsuites>
  <testsuite name="set-selector_card-autopopulates-features" tests="1" failures="0" time="154.217" timestamp="2026-09-10T02:49:20">
    <testcase id="Write-once feature snapshots — a freshly-created CARD ROW auto-populates its own features with the inherited physical/production defaults from its ancestor chain" name="Write-once feature snapshots — a freshly-created CARD ROW auto-populates its own features with the inherited physical/production defaults from its ancestor chain" classname="Write-once feature snapshots — a freshly-created CARD ROW auto-populates its own features with the inherited physical/production defaults from its ancestor chain" file=".maestro/flows/set-selector/card-autopopulates-features.yaml" time="154.084" timestamp="2026-09-10T02:49:21" status="SUCCESS">
      <properties>
        <property name="tags" value="set-selector"/>
      </properties>
    </testcase>
  </testsuite>
</testsuites>
