<?xml version='1.0' encoding='UTF-8'?>
<testsuites>
  <testsuite name="home_shipping-labels" tests="1" failures="0" time="53.353" timestamp="2026-09-09T14:33:38">
    <testcase id="Shipping Labels Feature Page" name="Shipping Labels Feature Page" classname="Shipping Labels Feature Page" file=".maestro/flows/home/shipping-labels.yaml" time="53.331" timestamp="2026-09-09T14:33:38" status="SUCCESS">
      <properties>
        <property name="tags" value="marketing, home"/>
      </properties>
    </testcase>
  </testsuite>
</testsuites>
