<?xml version='1.0' encoding='UTF-8'?>
<testsuites>
  <testsuite name="set-selector_team-picker-create-custom-card" tests="1" failures="0" time="169.586" timestamp="2026-09-09T14:46:29">
    <testcase id="Team picker — create a brand-new team via the New Team dialog and attach it to a card; it persists across reopen" name="Team picker — create a brand-new team via the New Team dialog and attach it to a card; it persists across reopen" classname="Team picker — create a brand-new team via the New Team dialog and attach it to a card; it persists across reopen" file=".maestro/flows/set-selector/team-picker-create-custom-card.yaml" time="169.447" timestamp="2026-09-09T14:46:29" status="SUCCESS">
      <properties>
        <property name="tags" value="set-selector"/>
      </properties>
    </testcase>
  </testsuite>
</testsuites>
