<?xml version='1.0' encoding='UTF-8'?>
<testsuites>
  <testsuite name="set-selector_topps-chrome-marketplace-read" tests="1" failures="0" time="45.724" timestamp="2026-09-09T14:49:23">
    <testcase id="Topps Chrome — read-only verify marketplace-derived set attributes are present (read-only)" name="Topps Chrome — read-only verify marketplace-derived set attributes are present (read-only)" classname="Topps Chrome — read-only verify marketplace-derived set attributes are present (read-only)" file=".maestro/flows/set-selector/topps-chrome-marketplace-read.yaml" time="45.66" timestamp="2026-09-09T14:49:23" status="SUCCESS">
      <properties>
        <property name="tags" value="set-selector"/>
      </properties>
    </testcase>
  </testsuite>
</testsuites>
