<?xml version='1.0' encoding='UTF-8'?>
<testsuites>
  <testsuite name="set-selector_team-picker" tests="1" failures="0" time="316.998" timestamp="2026-09-09T14:26:55">
    <testcase id="TeamPicker — chip add, remove, keyboard Enter, 'No matches' state, autosaved on the tap" name="TeamPicker — chip add, remove, keyboard Enter, 'No matches' state, autosaved on the tap" classname="TeamPicker — chip add, remove, keyboard Enter, 'No matches' state, autosaved on the tap" file=".maestro/flows/set-selector/team-picker.yaml" time="316.832" timestamp="2026-09-09T14:26:55" status="SUCCESS">
      <properties>
        <property name="tags" value="set-selector"/>
      </properties>
    </testcase>
  </testsuite>
</testsuites>
