<?xml version='1.0' encoding='UTF-8'?>
<testsuites>
  <testsuite name="set-selector_card-autopopulates-features" tests="1" failures="0" time="172.848" timestamp="2026-09-09T14:35:09">
    <testcase id="Write-once feature snapshots — a freshly-created CARD ROW auto-populates its own features with the inherited physical/production defaults from its ancestor chain" name="Write-once feature snapshots — a freshly-created CARD ROW auto-populates its own features with the inherited physical/production defaults from its ancestor chain" classname="Write-once feature snapshots — a freshly-created CARD ROW auto-populates its own features with the inherited physical/production defaults from its ancestor chain" file=".maestro/flows/set-selector/card-autopopulates-features.yaml" time="172.746" timestamp="2026-09-09T14:35:10" status="SUCCESS">
      <properties>
        <property name="tags" value="set-selector"/>
      </properties>
    </testcase>
  </testsuite>
</testsuites>
