<?xml version='1.0' encoding='UTF-8'?>
<testsuites>
  <testsuite name="home_managing-inventory" tests="1" failures="0" time="48.127" timestamp="2026-09-09T14:49:02">
    <testcase id="Managing Inventory Feature Page" name="Managing Inventory Feature Page" classname="Managing Inventory Feature Page" file=".maestro/flows/home/managing-inventory.yaml" time="48.111" timestamp="2026-09-09T14:49:02" status="SUCCESS">
      <properties>
        <property name="tags" value="marketing, home"/>
      </properties>
    </testcase>
  </testsuite>
</testsuites>
