<?xml version='1.0' encoding='UTF-8'?>
<testsuites>
  <testsuite name="labels_label-history-empty-state" tests="1" failures="0" time="9.353" timestamp="2026-09-09T14:33:58">
    <testcase id="Print Shop — Label History empty state" name="Print Shop — Label History empty state" classname="Print Shop — Label History empty state" file=".maestro/flows/labels/label-history-empty-state.yaml" time="9.33" timestamp="2026-09-09T14:33:58" status="SUCCESS">
      <properties>
        <property name="tags" value="labels"/>
      </properties>
    </testcase>
  </testsuite>
</testsuites>
