<?xml version='1.0' encoding='UTF-8'?>
<testsuites>
  <testsuite name="set-selector_set-rename-survives-resync-and-suggests-bsc-name" tests="1" failures="0" time="115.827" timestamp="2026-09-09T14:45:47">
    <testcase id="A renamed set survives a forced Sync Sets with its subtree, and BSC's own name comes back as a suggestion the operator can accept" name="A renamed set survives a forced Sync Sets with its subtree, and BSC's own name comes back as a suggestion the operator can accept" classname="A renamed set survives a forced Sync Sets with its subtree, and BSC's own name comes back as a suggestion the operator can accept" file=".maestro/flows/set-selector/set-rename-survives-resync-and-suggests-bsc-name.yaml" time="115.772" timestamp="2026-09-09T14:45:48" status="SUCCESS">
      <properties>
        <property name="tags" value="set-selector"/>
      </properties>
    </testcase>
  </testsuite>
</testsuites>
