<?xml version='1.0' encoding='UTF-8'?>
<testsuites>
  <testsuite name="labels_label-history-empty-state" tests="1" failures="0" time="8.346" timestamp="2026-09-10T02:48:02">
    <testcase id="Print Shop — Label History empty state" name="Print Shop — Label History empty state" classname="Print Shop — Label History empty state" file=".maestro/flows/labels/label-history-empty-state.yaml" time="8.33" timestamp="2026-09-10T02:48:02" status="SUCCESS">
      <properties>
        <property name="tags" value="labels"/>
      </properties>
    </testcase>
  </testsuite>
</testsuites>
