<?xml version='1.0' encoding='UTF-8'?>
<testsuites>
  <testsuite name="set-selector_custom-entry-survives-resync" tests="1" failures="0" time="71.935" timestamp="2026-09-10T02:46:46">
    <testcase id="Custom Entry Survives Re-Sync" name="Custom Entry Survives Re-Sync" classname="Custom Entry Survives Re-Sync" file=".maestro/flows/set-selector/custom-entry-survives-resync.yaml" time="71.899" timestamp="2026-09-10T02:46:46" status="SUCCESS">
      <properties>
        <property name="tags" value="set-selector"/>
      </properties>
    </testcase>
  </testsuite>
</testsuites>
