<?xml version='1.0' encoding='UTF-8'?>
<testsuites>
  <testsuite name="set-selector_parallel-grouping-reject-parallel" tests="1" failures="0" time="152.221" timestamp="2026-09-10T02:44:10">
    <testcase id="Parallel Grouping — reject (✕) button moves a parallel back to top-level inserts" name="Parallel Grouping — reject (✕) button moves a parallel back to top-level inserts" classname="Parallel Grouping — reject (✕) button moves a parallel back to top-level inserts" file=".maestro/flows/set-selector/parallel-grouping-reject-parallel.yaml" time="152.132" timestamp="2026-09-10T02:44:10" status="SUCCESS">
      <properties>
        <property name="tags" value="parallel-grouping"/>
      </properties>
    </testcase>
  </testsuite>
</testsuites>
