<?xml version='1.0' encoding='UTF-8'?>
<testsuites>
  <testsuite name="set-selector_topps-chrome-marketplace-read" tests="1" failures="0" time="44.992" timestamp="2026-09-10T03:02:42">
    <testcase id="Topps Chrome — read-only verify marketplace-derived set attributes are present (read-only)" name="Topps Chrome — read-only verify marketplace-derived set attributes are present (read-only)" classname="Topps Chrome — read-only verify marketplace-derived set attributes are present (read-only)" file=".maestro/flows/set-selector/topps-chrome-marketplace-read.yaml" time="44.966" timestamp="2026-09-10T03:02:42" status="SUCCESS">
      <properties>
        <property name="tags" value="set-selector"/>
      </properties>
    </testcase>
  </testsuite>
</testsuites>
