<?xml version='1.0' encoding='UTF-8'?>
<testsuites>
  <testsuite name="set-selector_set-attributes-edit" tests="1" failures="1" time="131.047" timestamp="2026-09-10T02:41:55">
    <testcase id="SetAttributesPanel — breadcrumb scope, metadata editing, CLEARING an attribute, collapse/expand, child scope (per-worker custom set)" name="SetAttributesPanel — breadcrumb scope, metadata editing, CLEARING an attribute, collapse/expand, child scope (per-worker custom set)" classname="SetAttributesPanel — breadcrumb scope, metadata editing, CLEARING an attribute, collapse/expand, child scope (per-worker custom set)" file=".maestro/flows/set-selector/set-attributes-edit.yaml" time="130.953" timestamp="2026-09-10T02:41:55" status="ERROR">
      <properties>
        <property name="tags" value="set-selector"/>
      </properties>
      <failure>Unknown error</failure>
    </testcase>
  </testsuite>
</testsuites>
