<?xml version='1.0' encoding='UTF-8'?>
<testsuites>
  <testsuite name="set-selector_custom-field-known-value-selects" tests="1" failures="0" time="16.216" timestamp="2026-09-10T03:02:57">
    <testcase id="Custom field — typing a known synced value selects it instead of creating a duplicate" name="Custom field — typing a known synced value selects it instead of creating a duplicate" classname="Custom field — typing a known synced value selects it instead of creating a duplicate" file=".maestro/flows/set-selector/custom-field-known-value-selects.yaml" time="16.198" timestamp="2026-09-10T03:02:58" status="SUCCESS">
      <properties>
        <property name="tags" value="set-selector"/>
      </properties>
    </testcase>
  </testsuite>
</testsuites>
