<?xml version='1.0' encoding='UTF-8'?>
<testsuites>
  <testsuite name="spine-label_player-team-colors-default-to-longest-tenure" tests="1" failures="1" time="101.03" timestamp="2026-09-10T03:01:12">
    <testcase id="Spine Labels — a player's colours default to their longest-tenure team" name="Spine Labels — a player's colours default to their longest-tenure team" classname="Spine Labels — a player's colours default to their longest-tenure team" file=".maestro/flows/spine-label/player-team-colors-default-to-longest-tenure.yaml" time="100.955" timestamp="2026-09-10T03:01:12" status="ERROR">
      <properties>
        <property name="tags" value="spine-label"/>
      </properties>
      <failure>Assertion is false: ".*Saved SLAr6a130259.*" is visible</failure>
    </testcase>
  </testsuite>
</testsuites>
