<?xml version='1.0' encoding='UTF-8'?>
<testsuites>
  <testsuite name="admin_league-management-add-and-edit" tests="1" failures="0" time="96.499" timestamp="2026-09-09T14:32:44">
    <testcase id="League Management — add a league by hand, classify it, and edit what we know about it" name="League Management — add a league by hand, classify it, and edit what we know about it" classname="League Management — add a league by hand, classify it, and edit what we know about it" file=".maestro/flows/admin/league-management-add-and-edit.yaml" time="96.463" timestamp="2026-09-09T14:32:45" status="SUCCESS">
      <properties>
        <property name="tags" value="admin"/>
      </properties>
    </testcase>
  </testsuite>
</testsuites>
