<?xml version='1.0' encoding='UTF-8'?>
<testsuites>
  <testsuite name="set-selector_checklist-wizard-link-to-existing-player" tests="1" failures="0" time="214.476" timestamp="2026-09-09T14:39:06">
    <testcase id="Entity review — Link to Existing resolves an unknown name onto a player we already have instead of minting a duplicate" name="Entity review — Link to Existing resolves an unknown name onto a player we already have instead of minting a duplicate" classname="Entity review — Link to Existing resolves an unknown name onto a player we already have instead of minting a duplicate" file=".maestro/flows/set-selector/checklist-wizard-link-to-existing-player.yaml" time="214.363" timestamp="2026-09-09T14:39:06" status="SUCCESS">
      <properties>
        <property name="tags" value="set-selector"/>
      </properties>
    </testcase>
  </testsuite>
</testsuites>
