<?xml version='1.0' encoding='UTF-8'?>
<testsuites>
  <testsuite name="set-selector_inserts-1996-score-one-nb-set-two-bsc-sources" tests="1" failures="0" time="400.177" timestamp="2026-09-09T14:42:45">
    <testcase id="Inserts — ONE NeonBinder set maps to TWO BSC sets and one SportLots set, and a re-sync keeps NeonBinder's own card name (1996 Score, NEO-137 + NEO-203)" name="Inserts — ONE NeonBinder set maps to TWO BSC sets and one SportLots set, and a re-sync keeps NeonBinder's own card name (1996 Score, NEO-137 + NEO-203)" classname="Inserts — ONE NeonBinder set maps to TWO BSC sets and one SportLots set, and a re-sync keeps NeonBinder's own card name (1996 Score, NEO-137 + NEO-203)" file=".maestro/flows/set-selector/inserts-1996-score-one-nb-set-two-bsc-sources.yaml" time="400.106" timestamp="2026-09-09T14:42:45" status="SUCCESS">
      <properties>
        <property name="tags" value="set-selector"/>
      </properties>
    </testcase>
  </testsuite>
</testsuites>
