<?xml version='1.0' encoding='UTF-8'?>
<testsuites>
  <testsuite name="home_easypost-setup" tests="1" failures="0" time="63.22" timestamp="2026-09-09T14:33:10">
    <testcase id="EasyPost Setup Guide Page" name="EasyPost Setup Guide Page" classname="EasyPost Setup Guide Page" file=".maestro/flows/home/easypost-setup.yaml" time="63.2" timestamp="2026-09-09T14:33:10" status="SUCCESS">
      <properties>
        <property name="tags" value="marketing, home"/>
      </properties>
    </testcase>
  </testsuite>
</testsuites>
