<?xml version='1.0' encoding='UTF-8'?>
<testsuites>
  <testsuite name="labels_scan-visibility" tests="1" failures="0" time="24.395" timestamp="2026-09-09T14:34:17">
    <testcase id="Label History — see what USPS has scanned" name="Label History — see what USPS has scanned" classname="Label History — see what USPS has scanned" file=".maestro/flows/labels/scan-visibility.yaml" time="24.373" timestamp="2026-09-09T14:34:17" status="SUCCESS">
      <properties>
        <property name="tags" value="labels"/>
      </properties>
    </testcase>
  </testsuite>
</testsuites>
