<?xml version='1.0' encoding='UTF-8'?>
<testsuites>
  <testsuite name="set-selector_variation-link-group-and-unlink" tests="1" failures="0" time="203.301" timestamp="2026-09-09T14:47:01">
    <testcase id="Card variations — point a card at the card it varies, see it group under it, and unlink it back out" name="Card variations — point a card at the card it varies, see it group under it, and unlink it back out" classname="Card variations — point a card at the card it varies, see it group under it, and unlink it back out" file=".maestro/flows/set-selector/variation-link-group-and-unlink.yaml" time="203.229" timestamp="2026-09-09T14:47:01" status="SUCCESS">
      <properties>
        <property name="tags" value="set-selector"/>
      </properties>
    </testcase>
  </testsuite>
</testsuites>
