<?xml version='1.0' encoding='UTF-8'?>
<testsuites>
  <testsuite name="set-selector_checklist-wizard-skip-not-a-person" tests="1" failures="0" time="208.562" timestamp="2026-09-09T14:40:19">
    <testcase id="Entity review — Skip marks a name as not a person, and the footer skip decides every row that is left, lookups included" name="Entity review — Skip marks a name as not a person, and the footer skip decides every row that is left, lookups included" classname="Entity review — Skip marks a name as not a person, and the footer skip decides every row that is left, lookups included" file=".maestro/flows/set-selector/checklist-wizard-skip-not-a-person.yaml" time="208.506" timestamp="2026-09-09T14:40:20" status="SUCCESS">
      <properties>
        <property name="tags" value="set-selector"/>
      </properties>
    </testcase>
  </testsuite>
</testsuites>
