<?xml version='1.0' encoding='UTF-8'?>
<testsuites>
  <testsuite name="set-selector_checklist-wizard-career-team-commits" tests="1" failures="0" time="132.504" timestamp="2026-09-09T14:38:02">
    <testcase id="Entity review — a hand-staged career team survives the commit and becomes a real team row" name="Entity review — a hand-staged career team survives the commit and becomes a real team row" classname="Entity review — a hand-staged career team survives the commit and becomes a real team row" file=".maestro/flows/set-selector/checklist-wizard-career-team-commits.yaml" time="132.42" timestamp="2026-09-09T14:38:02" status="SUCCESS">
      <properties>
        <property name="tags" value="set-selector"/>
      </properties>
    </testcase>
  </testsuite>
</testsuites>
