<?xml version='1.0' encoding='UTF-8'?>
<testsuites>
  <testsuite name="set-selector_new-chain-autopopulates-features" tests="1" failures="0" time="128.162" timestamp="2026-09-09T14:43:53">
    <testcase id="Write-once feature snapshots — a freshly-built set chain auto-populates its SetAttributesPanel feature values with NO card-checklist step" name="Write-once feature snapshots — a freshly-built set chain auto-populates its SetAttributesPanel feature values with NO card-checklist step" classname="Write-once feature snapshots — a freshly-built set chain auto-populates its SetAttributesPanel feature values with NO card-checklist step" file=".maestro/flows/set-selector/new-chain-autopopulates-features.yaml" time="128.107" timestamp="2026-09-09T14:43:53" status="SUCCESS">
      <properties>
        <property name="tags" value="set-selector"/>
      </properties>
    </testcase>
  </testsuite>
</testsuites>
