<?xml version='1.0' encoding='UTF-8'?>
<testsuites>
  <testsuite name="set-selector_card-detail-panel" tests="1" failures="0" time="227.343" timestamp="2026-09-09T14:27:06">
    <testcase id="Card detail drawer — every field autosaves as you leave it (no Save button)" name="Card detail drawer — every field autosaves as you leave it (no Save button)" classname="Card detail drawer — every field autosaves as you leave it (no Save button)" file=".maestro/flows/set-selector/card-detail-panel.yaml" time="227.267" timestamp="2026-09-09T14:27:06" status="SUCCESS">
      <properties>
        <property name="tags" value="set-selector"/>
      </properties>
    </testcase>
  </testsuite>
</testsuites>
