<?xml version='1.0' encoding='UTF-8'?>
<testsuites>
  <testsuite name="set-selector_checklist-title-length-limits-and-fixer" tests="1" failures="1" time="206.758" timestamp="2026-09-10T02:51:18">
    <testcase id="Listing length limits — an over-long card title is refused, and an over-long variation is walked to a fix" name="Listing length limits — an over-long card title is refused, and an over-long variation is walked to a fix" classname="Listing length limits — an over-long card title is refused, and an over-long variation is walked to a fix" file=".maestro/flows/set-selector/checklist-title-length-limits-and-fixer.yaml" time="206.629" timestamp="2026-09-10T02:51:18" status="ERROR">
      <properties>
        <property name="tags" value="set-selector"/>
      </properties>
      <failure>No visible element found: id: Card 101-r7-a1-30438 needs attention: variation text is over the 65-character limit</failure>
    </testcase>
  </testsuite>
</testsuites>
