<?xml version='1.0' encoding='UTF-8'?>
<testsuites>
  <testsuite name="set-selector_move-parallels-of-inserts-custom" tests="1" failures="0" time="270.169" timestamp="2026-09-10T02:41:51">
    <testcase id="Move parallels-of-inserts — suggestions pre-placed on open, Accept All clears badges, Save persists nesting" name="Move parallels-of-inserts — suggestions pre-placed on open, Accept All clears badges, Save persists nesting" classname="Move parallels-of-inserts — suggestions pre-placed on open, Accept All clears badges, Save persists nesting" file=".maestro/flows/set-selector/move-parallels-of-inserts-custom.yaml" time="270.076" timestamp="2026-09-10T02:41:51" status="SUCCESS">
      <properties>
        <property name="tags" value="parallel-grouping, set-selector"/>
      </properties>
    </testcase>
  </testsuite>
</testsuites>
