<?xml version='1.0' encoding='UTF-8'?>
<testsuites>
  <testsuite name="admin_team-management-edit-a-team" tests="1" failures="0" time="116.013" timestamp="2026-09-09T14:32:52">
    <testcase id="Team Management — select a team and edit it" name="Team Management — select a team and edit it" classname="Team Management — select a team and edit it" file=".maestro/flows/admin/team-management-edit-a-team.yaml" time="115.969" timestamp="2026-09-09T14:32:52" status="SUCCESS">
      <properties>
        <property name="tags" value="admin"/>
      </properties>
    </testcase>
  </testsuite>
</testsuites>
