<?xml version='1.0' encoding='UTF-8'?>
<testsuites>
  <testsuite name="home_collection-tracking" tests="1" failures="0" time="49.515" timestamp="2026-09-09T14:48:45">
    <testcase id="Collection Tracking Feature Page" name="Collection Tracking Feature Page" classname="Collection Tracking Feature Page" file=".maestro/flows/home/collection-tracking.yaml" time="49.501" timestamp="2026-09-09T14:48:45" status="SUCCESS">
      <properties>
        <property name="tags" value="marketing, home"/>
      </properties>
    </testcase>
  </testsuite>
</testsuites>
