<?xml version='1.0' encoding='UTF-8'?>
<testsuites>
  <testsuite name="home_landing-smoke" tests="1" failures="0" time="21.379" timestamp="2026-09-09T14:49:38">
    <testcase id="Landing Page Smoke Test" name="Landing Page Smoke Test" classname="Landing Page Smoke Test" file=".maestro/flows/home/landing-smoke.yaml" time="21.366" timestamp="2026-09-09T14:49:38" status="SUCCESS">
      <properties>
        <property name="tags" value="smoke, home"/>
      </properties>
    </testcase>
  </testsuite>
</testsuites>
