<?xml version='1.0' encoding='UTF-8'?>
<testsuites>
  <testsuite name="set-selector_checklist-title-length-limits-and-fixer" tests="1" failures="0" time="219.536" timestamp="2026-09-09T14:37:18">
    <testcase id="Listing length limits — an over-long card title is refused, and an over-long variation is walked to a fix" name="Listing length limits — an over-long card title is refused, and an over-long variation is walked to a fix" classname="Listing length limits — an over-long card title is refused, and an over-long variation is walked to a fix" file=".maestro/flows/set-selector/checklist-title-length-limits-and-fixer.yaml" time="219.471" timestamp="2026-09-09T14:37:18" status="SUCCESS">
      <properties>
        <property name="tags" value="set-selector"/>
      </properties>
    </testcase>
  </testsuite>
</testsuites>
