<?xml version='1.0' encoding='UTF-8'?>
<testsuites>
  <testsuite name="set-selector_base-mapping-cancel-recovers" tests="1" failures="0" time="51.173" timestamp="2026-09-09T14:34:52">
    <testcase id="Base-set picker Cancel recovers — message + working Retry, no dead-end (NEO-71-74)" name="Base-set picker Cancel recovers — message + working Retry, no dead-end (NEO-71-74)" classname="Base-set picker Cancel recovers — message + working Retry, no dead-end (NEO-71-74)" file=".maestro/flows/set-selector/base-mapping-cancel-recovers.yaml" time="51.137" timestamp="2026-09-09T14:34:52" status="SUCCESS">
      <properties>
        <property name="tags" value="set-selector"/>
      </properties>
    </testcase>
  </testsuite>
</testsuites>
