<?xml version='1.0' encoding='UTF-8'?>
<testsuites>
  <testsuite name="set-selector_set-attributes-edit" tests="1" failures="0" time="168.042" timestamp="2026-09-09T14:27:05">
    <testcase id="SetAttributesPanel — breadcrumb scope, metadata editing, CLEARING an attribute, collapse/expand, child scope (per-worker custom set)" name="SetAttributesPanel — breadcrumb scope, metadata editing, CLEARING an attribute, collapse/expand, child scope (per-worker custom set)" classname="SetAttributesPanel — breadcrumb scope, metadata editing, CLEARING an attribute, collapse/expand, child scope (per-worker custom set)" file=".maestro/flows/set-selector/set-attributes-edit.yaml" time="167.936" timestamp="2026-09-09T14:27:05" status="SUCCESS">
      <properties>
        <property name="tags" value="set-selector"/>
      </properties>
    </testcase>
  </testsuite>
</testsuites>
