<?xml version='1.0' encoding='UTF-8'?>
<testsuites>
  <testsuite name="set-selector_admin-missing-both-shows-warning" tests="1" failures="0" time="10.476" timestamp="2026-09-09T14:50:03">
    <testcase id="Set Builder Gate — admin with neither BSC nor SportLots credentials sees the warning banner" name="Set Builder Gate — admin with neither BSC nor SportLots credentials sees the warning banner" classname="Set Builder Gate — admin with neither BSC nor SportLots credentials sees the warning banner" file=".maestro/flows/set-selector/admin-missing-both-shows-warning.yaml" time="10.462" timestamp="2026-09-09T14:50:03" status="SUCCESS">
      <properties>
        <property name="tags" value="set-selector"/>
      </properties>
    </testcase>
  </testsuite>
</testsuites>
