<?xml version='1.0' encoding='UTF-8'?>
<testsuites>
  <testsuite name="home_ai-identification" tests="1" failures="0" time="46.533" timestamp="2026-09-09T14:49:10">
    <testcase id="AI Card Identification Feature Page" name="AI Card Identification Feature Page" classname="AI Card Identification Feature Page" file=".maestro/flows/home/ai-identification.yaml" time="46.516" timestamp="2026-09-09T14:49:10" status="SUCCESS">
      <properties>
        <property name="tags" value="marketing, home"/>
      </properties>
    </testcase>
  </testsuite>
</testsuites>
