<?xml version='1.0' encoding='UTF-8'?>
<testsuites>
  <testsuite name="qr-code_generate-qr" tests="1" failures="0" time="101.506" timestamp="2026-09-09T14:31:58">
    <testcase id="QR Code — generate sale QR" name="QR Code — generate sale QR" classname="QR Code — generate sale QR" file=".maestro/flows/qr-code/generate-qr.yaml" time="101.458" timestamp="2026-09-09T14:31:58" status="SUCCESS">
      <properties>
        <property name="tags" value="smoke, qr-code"/>
      </properties>
    </testcase>
  </testsuite>
</testsuites>
