<?xml version='1.0' encoding='UTF-8'?>
<testsuites>
  <testsuite name="set-selector_card-autograph-always-visible-saves" tests="1" failures="0" time="155.152" timestamp="2026-09-09T14:34:58">
    <testcase id="Card detail — the unified Autographed control is always-visible (promoted out of Show features), not gated behind the features editor" name="Card detail — the unified Autographed control is always-visible (promoted out of Show features), not gated behind the features editor" classname="Card detail — the unified Autographed control is always-visible (promoted out of Show features), not gated behind the features editor" file=".maestro/flows/set-selector/card-autograph-always-visible-saves.yaml" time="155.024" timestamp="2026-09-09T14:34:58" status="SUCCESS">
      <properties>
        <property name="tags" value="set-selector"/>
      </properties>
    </testcase>
  </testsuite>
</testsuites>
