<?xml version='1.0' encoding='UTF-8'?>
<testsuites>
  <testsuite name="spine-label_design-and-queue-a-spine-label" tests="1" failures="0" time="42.279" timestamp="2026-09-09T14:47:11">
    <testcase id="Spine Labels — design a label and queue it on the sheet" name="Spine Labels — design a label and queue it on the sheet" classname="Spine Labels — design a label and queue it on the sheet" file=".maestro/flows/spine-label/design-and-queue-a-spine-label.yaml" time="42.25" timestamp="2026-09-09T14:47:11" status="SUCCESS">
      <properties>
        <property name="tags" value="smoke, spine-label"/>
      </properties>
    </testcase>
  </testsuite>
</testsuites>
