<?xml version='1.0' encoding='UTF-8'?>
<testsuites>
  <testsuite name="home_managing-inventory" tests="1" failures="0" time="42.651" timestamp="2026-09-10T03:02:28">
    <testcase id="Managing Inventory Feature Page" name="Managing Inventory Feature Page" classname="Managing Inventory Feature Page" file=".maestro/flows/home/managing-inventory.yaml" time="42.622" timestamp="2026-09-10T03:02:28" status="SUCCESS">
      <properties>
        <property name="tags" value="marketing, home"/>
      </properties>
    </testcase>
  </testsuite>
</testsuites>
