<?xml version='1.0' encoding='UTF-8'?>
<testsuites>
  <testsuite name="set-selector_cross-release-card-appears-in-guest-checklist" tests="1" failures="0" time="305.237" timestamp="2026-09-10T02:54:31">
    <testcase id="Cross-release — a card printed in another product shows up in this set's checklist, badged with the set it came from" name="Cross-release — a card printed in another product shows up in this set's checklist, badged with the set it came from" classname="Cross-release — a card printed in another product shows up in this set's checklist, badged with the set it came from" file=".maestro/flows/set-selector/cross-release-card-appears-in-guest-checklist.yaml" time="305.047" timestamp="2026-09-10T02:54:31" status="SUCCESS">
      <properties>
        <property name="tags" value="set-selector"/>
      </properties>
    </testcase>
  </testsuite>
</testsuites>
