<?xml version='1.0' encoding='UTF-8'?>
<testsuites>
  <testsuite name="set-selector_checklist-pairing-dialog-cancel" tests="1" failures="0" time="96.069" timestamp="2026-09-10T02:50:50">
    <testcase id="Checklist — the card-pairing dialog opens instead of committing, flags a marketplace name disagreement on a manual link, and cancelling writes nothing" name="Checklist — the card-pairing dialog opens instead of committing, flags a marketplace name disagreement on a manual link, and cancelling writes nothing" classname="Checklist — the card-pairing dialog opens instead of committing, flags a marketplace name disagreement on a manual link, and cancelling writes nothing" file=".maestro/flows/set-selector/checklist-pairing-dialog-cancel.yaml" time="96.011" timestamp="2026-09-10T02:50:50" status="SUCCESS">
      <properties>
        <property name="tags" value="set-selector"/>
      </properties>
    </testcase>
  </testsuite>
</testsuites>
