<?xml version='1.0' encoding='UTF-8'?>
<testsuites>
  <testsuite name="set-selector_features-propagation" tests="1" failures="0" time="321.517" timestamp="2026-09-10T02:41:41">
    <testcase id="Set-level feature edit saves that single row (Saved toast) and does NOT cascade to a card with its own value (per-worker custom set)" name="Set-level feature edit saves that single row (Saved toast) and does NOT cascade to a card with its own value (per-worker custom set)" classname="Set-level feature edit saves that single row (Saved toast) and does NOT cascade to a card with its own value (per-worker custom set)" file=".maestro/flows/set-selector/features-propagation.yaml" time="321.366" timestamp="2026-09-10T02:41:41" status="SUCCESS">
      <properties>
        <property name="tags" value="set-selector"/>
      </properties>
    </testcase>
  </testsuite>
</testsuites>
