<?xml version='1.0' encoding='UTF-8'?>
<testsuites>
  <testsuite name="set-selector_admin-missing-sl-shows-warning" tests="1" failures="0" time="13.444" timestamp="2026-09-10T03:03:15">
    <testcase id="Set Builder Gate — admin without SportLots credentials sees the warning banner" name="Set Builder Gate — admin without SportLots credentials sees the warning banner" classname="Set Builder Gate — admin without SportLots credentials sees the warning banner" file=".maestro/flows/set-selector/admin-missing-sl-shows-warning.yaml" time="13.428" timestamp="2026-09-10T03:03:15" status="SUCCESS">
      <properties>
        <property name="tags" value="set-selector"/>
      </properties>
    </testcase>
  </testsuite>
</testsuites>
